File size: 16 bytes
Text read from file: AESJeNeprobojan!
The state matrix of message: 
65	101	114	106	
69	78	111	97	
83	101	98	110	
74	112	111	33	
------------Encryption------------
The final state matrix:
44	177	205	192	
76	103	27	18	
140	128	135	239	
145	193	230	68	
Cipher-text message: ,LŒ‘I®áfGùO(QDÿµð
Starting decryption.......
The state matrix after decryption:
65	101	114	106	
69	78	111	97	
83	101	98	110	
74	112	111	33	
The result of decryption: AESJeNeprobojan!
Vreme izvrsavanja: 0.000465 sekundi
